2026-04-16T22:27:28.429+02:00  INFO 3904 --- [main] c.t.c.api.CashOrganizerApiApplication    : Starting CashOrganizerApiApplication using Java 17.0.12 with PID 3904 (C:\EntornoLocal\cash_organizer\cash_organizer_api\build\classes\java\main started by AlvaroVeigaVazquez in C:\EntornoLocal\cash_organizer\cash_organizer_api)
2026-04-16T22:27:28.436+02:00 DEBUG 3904 --- [main] c.t.c.api.CashOrganizerApiApplication    : Running with Spring Boot v4.0.5, Spring v7.0.6
2026-04-16T22:27:28.438+02:00  INFO 3904 --- [main] c.t.c.api.CashOrganizerApiApplication    : No active profile set, falling back to 1 default profile: "default"
2026-04-16T22:27:30.395+02:00  INFO 3904 --- [main] .s.d.r.c.RepositoryConfigurationDelegate : Bootstrapping Spring Data JPA repositories in DEFAULT mode.
2026-04-16T22:27:30.586+02:00  INFO 3904 --- [main] .s.d.r.c.RepositoryConfigurationDelegate : Finished Spring Data repository scanning in 158 ms. Found 6 JPA repository interfaces.
2026-04-16T22:27:31.486+02:00  INFO 3904 --- [main] o.s.boot.tomcat.TomcatWebServer          : Tomcat initialized with port 8085 (http)
2026-04-16T22:27:31.502+02:00  INFO 3904 --- [main] o.apache.catalina.core.StandardService   : Starting service [Tomcat]
2026-04-16T22:27:31.503+02:00  INFO 3904 --- [main] o.apache.catalina.core.StandardEngine    : Starting Servlet engine: [Apache Tomcat/11.0.20]
2026-04-16T22:27:31.581+02:00  INFO 3904 --- [main] b.w.c.s.WebApplicationContextInitializer : Root WebApplicationContext: initialization completed in 3034 ms
2026-04-16T22:27:31.819+02:00  INFO 3904 --- [main] org.hibernate.orm.jpa                    : HHH008540: Processing PersistenceUnitInfo [name: default]
2026-04-16T22:27:31.901+02:00  INFO 3904 --- [main] org.hibernate.orm.core                   : HHH000001: Hibernate ORM core version 7.2.7.Final
2026-04-16T22:27:32.567+02:00  INFO 3904 --- [main] o.s.o.j.p.SpringPersistenceUnitInfo      : No LoadTimeWeaver setup: ignoring JPA class transformer
2026-04-16T22:27:32.608+02:00  INFO 3904 --- [main] com.zaxxer.hikari.HikariDataSource       : HikariPool-1 - Starting...
2026-04-16T22:27:32.870+02:00  INFO 3904 --- [main] com.zaxxer.hikari.pool.HikariPool        : HikariPool-1 - Added connection org.postgresql.jdbc.PgConnection@79e90571
2026-04-16T22:27:32.872+02:00  INFO 3904 --- [main] com.zaxxer.hikari.HikariDataSource       : HikariPool-1 - Start completed.
2026-04-16T22:27:32.928+02:00  WARN 3904 --- [main] org.hibernate.orm.deprecation            : HHH90000025: PostgreSQLDialect does not need to be specified explicitly using 'hibernate.dialect' (remove the property setting and it will be selected by default)
2026-04-16T22:27:32.963+02:00  INFO 3904 --- [main] org.hibernate.orm.connections.pooling    : HHH10001005: Database info:
	Database JDBC URL [jdbc:postgresql://192.168.1.145:5432/llama_finanzas]
	Database driver: PostgreSQL JDBC Driver
	Database dialect: PostgreSQLDialect
	Database version: 16.11
	Default catalog/schema: llama_finanzas/public
	Autocommit mode: undefined/unknown
	Isolation level: READ_COMMITTED [default READ_COMMITTED]
	JDBC fetch size: none
	Pool: DataSourceConnectionProvider
	Minimum pool size: undefined/unknown
	Maximum pool size: undefined/unknown
2026-04-16T22:27:34.721+02:00  INFO 3904 --- [main] org.hibernate.orm.core                   : HHH000489: No JTA platform available (set 'hibernate.transaction.jta.platform' to enable JTA platform integration)
2026-04-16T22:27:34.921+02:00  INFO 3904 --- [main] j.LocalContainerEntityManagerFactoryBean : Initialized JPA EntityManagerFactory for persistence unit 'default'
2026-04-16T22:27:35.020+02:00  INFO 3904 --- [main] o.s.d.j.r.query.QueryEnhancerFactories   : Hibernate is in classpath; If applicable, HQL parser will be used.
2026-04-16T22:27:35.321+02:00 DEBUG 3904 --- [main] c.t.c.a.i.c.JwtAuthenticationFilter      : Filter 'jwtAuthenticationFilter' configured for use
2026-04-16T22:27:36.265+02:00  INFO 3904 --- [main] eAuthenticationProviderManagerConfigurer : Global AuthenticationManager configured with AuthenticationProvider bean with name authenticationProvider
2026-04-16T22:27:36.267+02:00  WARN 3904 --- [main] r$InitializeUserDetailsManagerConfigurer : Global AuthenticationManager configured with an AuthenticationProvider bean. UserDetailsService beans will not be used by Spring Security for automatically configuring username/password login. Consider removing the AuthenticationProvider bean. Alternatively, consider using the UserDetailsService in a manually instantiated DaoAuthenticationProvider. If the current configuration is intentional, to turn off this warning, increase the logging level of 'org.springframework.security.config.annotation.authentication.configuration.InitializeUserDetailsBeanManagerConfigurer' to ERROR
2026-04-16T22:27:36.425+02:00  WARN 3904 --- [main] JpaBaseConfiguration$JpaWebConfiguration : spring.jpa.open-in-view is enabled by default. Therefore, database queries may be performed during view rendering. Explicitly configure spring.jpa.open-in-view to disable this warning
2026-04-16T22:27:36.740+02:00 DEBUG 3904 --- [main] o.s.s.web.DefaultSecurityFilterChain     : Will secure any request with filters: DisableEncodeUrlFilter, WebAsyncManagerIntegrationFilter, SecurityContextHolderFilter, HeaderWriterFilter, CorsFilter, LogoutFilter, JwtAuthenticationFilter, RequestCacheAwareFilter, SecurityContextHolderAwareRequestFilter, AnonymousAuthenticationFilter, SessionManagementFilter, ExceptionTranslationFilter, AuthorizationFilter
2026-04-16T22:27:36.838+02:00  INFO 3904 --- [main] o.s.v.b.OptionalValidatorFactoryBean     : Failed to set up a Bean Validation provider: jakarta.validation.NoProviderFoundException: Unable to create a Configuration, because no Jakarta Validation provider could be found. Add a provider like Hibernate Validator (RI) to your classpath.
2026-04-16T22:27:37.421+02:00  INFO 3904 --- [main] o.s.boot.tomcat.TomcatWebServer          : Tomcat started on port 8085 (http) with context path '/'
2026-04-16T22:27:37.432+02:00  INFO 3904 --- [main] c.t.c.api.CashOrganizerApiApplication    : Started CashOrganizerApiApplication in 10.52 seconds (process running for 12.447)
